<?xml version="1.0" encoding="UTF-8"?>
<testsuite xmlns:xsi="http://www.w3.org/2001/XMLSchema-instance" xsi:noNamespaceSchemaLocation="https://maven.apache.org/surefire/maven-surefire-plugin/xsd/surefire-test-report-3.0.xsd" version="3.0" name="praktikum.BurgerTest" time="1.315" tests="18" errors="0" skipped="0" failures="0">
  <properties>
[...]
</properties>
  <testcase name="getPriceTest[0]" classname="praktikum.BurgerTest" time="1.187"/>
  <testcase name="addIngredientTest[0]" classname="praktikum.BurgerTest" time="0.004"/>
  <testcase name="moveIngredientTest[0]" classname="praktikum.BurgerTest" time="0.003"/>
  <testcase name="setBunsTest[0]" classname="praktikum.BurgerTest" time="0.003"/>
  <testcase name="removeIngredientTest[0]" classname="praktikum.BurgerTest" time="0.003"/>
  <testcase name="getReceiptTest[0]" classname="praktikum.BurgerTest" time="0.006"/>
  <testcase name="getPriceTest[1]" classname="praktikum.BurgerTest" time="0.003"/>
  <testcase name="addIngredientTest[1]" classname="praktikum.BurgerTest" time="0.002"/>
  <testcase name="moveIngredientTest[1]" classname="praktikum.BurgerTest" time="0.002"/>
  <testcase name="setBunsTest[1]" classname="praktikum.BurgerTest" time="0.003"/>
  <testcase name="removeIngredientTest[1]" classname="praktikum.BurgerTest" time="0.002"/>
  <testcase name="getReceiptTest[1]" classname="praktikum.BurgerTest" time="0.004"/>
  <testcase name="getPriceTest[2]" classname="praktikum.BurgerTest" time="0.002"/>
  <testcase name="addIngredientTest[2]" classname="praktikum.BurgerTest" time="0.003"/>
  <testcase name="moveIngredientTest[2]" classname="praktikum.BurgerTest" time="0.002"/>
  <testcase name="setBunsTest[2]" classname="praktikum.BurgerTest" time="0.002"/>
  <testcase name="removeIngredientTest[2]" classname="praktikum.BurgerTest" time="0.003"/>
  <testcase name="getReceiptTest[2]" classname="praktikum.BurgerTest" time="0.003"/>
</testsuite>